<?xml version="1.0" encoding="UTF-8"?>
<!-- Generated by org.testng.reporters.JUnitReportReporter -->
<testsuite hostname="DESKTOP-R4CIO73" failures="0" tests="1" name="TestCases.IP_TC_886" time="32.965" errors="0" timestamp="2022-02-23T17:02:39 EET" skipped="0">
  <testcase classname="TestCases.IP_TC_886" name="navigate_to_Create_Review_request" time="32.965"/>
  <system-out/>
</testsuite> <!-- TestCases.IP_TC_886 -->
