<?xml version="1.0" encoding="UTF-8"?>
<!-- Generated by org.testng.reporters.JUnitReportReporter -->
<testsuite hostname="DESKTOP-CLKKD43" failures="0" tests="1" name="TestCases.IP_TC_696_701" time="66.529" errors="0" timestamp="2022-03-27T10:45:42 EET" skipped="0">
  <testcase classname="TestCases.IP_TC_696_701" name="navigate_to_Nurse_Dispense_Medication" time="66.529"/>
  <system-out/>
</testsuite> <!-- TestCases.IP_TC_696_701 -->
