<?xml version="1.0" encoding="UTF-8"?>
<!-- Generated by org.testng.reporters.JUnitReportReporter -->
<testsuite hostname="DESKTOP-R4CIO73" failures="0" tests="1" name="TestCases.IP_TC_140" time="34.991" errors="0" timestamp="2022-02-21T16:51:02 EET" skipped="0">
  <testcase classname="TestCases.IP_TC_140" name="navigate_to_CMO_Admit_and_Register_Patient" time="34.991"/>
  <system-out/>
</testsuite> <!-- TestCases.IP_TC_140 -->
