<?xml version="1.0" encoding="UTF-8"?>
<!-- Generated by org.testng.reporters.JUnitReportReporter -->
<testsuite hostname="DESKTOP-CLKKD43" failures="0" tests="1" name="TestCases.IP_TC_689" time="32.772" errors="0" timestamp="2022-01-20T14:09:37 EET" skipped="0">
  <testcase classname="TestCases.IP_TC_689" name="navigate_to_Nurse_Record_Stock_Consumption" time="32.772"/>
  <system-out/>
</testsuite> <!-- TestCases.IP_TC_689 -->
