<?xml version="1.0" encoding="UTF-8"?>
<!-- Generated by org.testng.reporters.JUnitReportReporter -->
<testsuite hostname="DESKTOP-CLKKD43" failures="0" tests="1" name="TestCases.IP_TC_880" time="63.289" errors="0" timestamp="2022-01-20T17:15:35 EET" skipped="0">
  <testcase classname="TestCases.IP_TC_880" name="navigate_to_ACC_Cancel_Service" time="63.289"/>
  <system-out/>
</testsuite> <!-- TestCases.IP_TC_880 -->
