<?xml version="1.0" encoding="UTF-8"?>
<!-- Generated by org.testng.reporters.JUnitReportReporter -->
<testsuite hostname="DESKTOP-CLKKD43" failures="0" tests="1" name="TestCases.IP_TC_779_780" time="74.451" errors="0" timestamp="2022-01-20T16:07:33 EET" skipped="0">
  <testcase classname="TestCases.IP_TC_779_780" name="navigate_to_Change_Password" time="74.451"/>
  <system-out/>
</testsuite> <!-- TestCases.IP_TC_779_780 -->
