<?xml version="1.0" encoding="UTF-8"?>
<!-- Generated by org.testng.reporters.JUnitReportReporter -->
<testsuite hostname="DESKTOP-CLKKD43" failures="0" tests="1" name="TestCases.IP_TC_622" time="20.890" errors="0" timestamp="2022-01-20T14:55:38 EET" skipped="0">
  <testcase classname="TestCases.IP_TC_622" name="navigate_to_login" time="20.890"/>
  <system-out/>
</testsuite> <!-- TestCases.IP_TC_622 -->
