<?xml version="1.0" encoding="UTF-8"?>
<!-- Generated by org.testng.reporters.JUnitReportReporter -->
<testsuite hostname="DESKTOP-CLKKD43" failures="0" tests="1" name="TestCases.NUR_View_Visit_Summary_Setup" time="21.438" errors="0" timestamp="2022-01-20T17:47:45 EET" skipped="0">
  <testcase classname="TestCases.NUR_View_Visit_Summary_Setup" name="navigate_to_login" time="21.438"/>
  <system-out/>
</testsuite> <!-- TestCases.NUR_View_Visit_Summary_Setup -->
