<?xml version="1.0" encoding="UTF-8"?>
<!-- Generated by org.testng.reporters.JUnitReportReporter -->
<testsuite hostname="DESKTOP-CLKKD43" failures="0" tests="1" name="TestCases.IP_TC_606" time="22.386" errors="0" timestamp="2022-01-20T13:33:42 EET" skipped="0">
  <testcase classname="TestCases.IP_TC_606" name="navigate_to_Nurse_Check_Block_Bed_with_all_data_required" time="22.386"/>
  <system-out/>
</testsuite> <!-- TestCases.IP_TC_606 -->
