<?xml version="1.0" encoding="UTF-8"?>
<!-- Generated by org.testng.reporters.JUnitReportReporter -->
<testsuite hostname="DESKTOP-CLKKD43" failures="0" tests="1" name="TestCases.IP_TC_878" time="46.740" errors="0" timestamp="2022-01-20T17:09:28 EET" skipped="0">
  <testcase classname="TestCases.IP_TC_878" name="navigate_to_ACC_Add_Separate_Service" time="46.740"/>
  <system-out/>
</testsuite> <!-- TestCases.IP_TC_878 -->
