<?xml version="1.0" encoding="UTF-8"?>
<!-- Generated by org.testng.reporters.JUnitReportReporter -->
<testsuite hostname="DESKTOP-CLKKD43" failures="0" tests="1" name="TestCases.IP_TC_580" time="17.346" errors="0" timestamp="2022-01-20T13:21:59 EET" skipped="0">
  <testcase classname="TestCases.IP_TC_580" name="navigate_to_login" time="17.346"/>
  <system-out/>
</testsuite> <!-- TestCases.IP_TC_580 -->
