<?xml version="1.0" encoding="UTF-8"?>
<!-- Generated by org.testng.reporters.JUnitReportReporter -->
<testsuite hostname="DESKTOP-CLKKD43" failures="0" tests="1" name="TestCases.IP_TC_623" time="23.196" errors="0" timestamp="2022-01-20T14:56:57 EET" skipped="0">
  <testcase classname="TestCases.IP_TC_623" name="navigate_to_login" time="23.196"/>
  <system-out/>
</testsuite> <!-- TestCases.IP_TC_623 -->
