<?xml version="1.0" encoding="UTF-8"?>
<!-- Generated by org.testng.reporters.JUnitReportReporter -->
<testsuite hostname="DESKTOP-CLKKD43" failures="0" tests="1" name="TestCases.IP_TC_840" time="85.082" errors="0" timestamp="2022-01-20T16:53:30 EET" skipped="0">
  <testcase classname="TestCases.IP_TC_840" name="navigate_to_Accept_Return_Medication" time="85.082"/>
  <system-out/>
</testsuite> <!-- TestCases.IP_TC_840 -->
