<?xml version="1.0" encoding="UTF-8"?>
<!-- Generated by org.testng.reporters.JUnitReportReporter -->
<testsuite hostname="DESKTOP-R4CIO73" failures="0" tests="1" name="TestCases.IP_TC_687" time="69.802" errors="0" timestamp="2022-01-12T12:56:23 EET" skipped="0">
  <testcase classname="TestCases.IP_TC_687" name="navigate_to_login" time="69.802"/>
  <system-out/>
</testsuite> <!-- TestCases.IP_TC_687 -->
