<?xml version="1.0" encoding="UTF-8"?>
<!-- Generated by org.testng.reporters.JUnitReportReporter -->
<testsuite hostname="DESKTOP-CLKKD43" failures="0" tests="1" name="TestCases.IP_TC_643" time="26.995" errors="0" timestamp="2022-01-20T13:39:54 EET" skipped="0">
  <testcase classname="TestCases.IP_TC_643" name="navigate_to_Nurse_Prepare_Discharge_Advice_UI" time="26.995"/>
  <system-out/>
</testsuite> <!-- TestCases.IP_TC_643 -->
