<?xml version="1.0" encoding="UTF-8"?>
<!-- Generated by org.testng.reporters.JUnitReportReporter -->
<testsuite hostname="DESKTOP-R4CIO73" failures="0" tests="1" name="TestCases.IP_TC_689" time="34.167" errors="0" timestamp="2022-01-16T14:41:10 EET" skipped="0">
  <testcase classname="TestCases.IP_TC_689" name="navigate_to_Nurse_Record_Stock_Consumption" time="34.167"/>
  <system-out/>
</testsuite> <!-- TestCases.IP_TC_689 -->
