<?xml version="1.0" encoding="UTF-8"?>
<!-- Generated by org.testng.reporters.JUnitReportReporter -->
<testsuite hostname="DESKTOP-CLKKD43" failures="0" tests="1" name="TestCases.CMO_Admit_and_Rregister_Patient_Insurance_Setup" time="47.247" errors="0" timestamp="2022-01-20T12:06:08 EET" skipped="0">
  <testcase classname="TestCases.CMO_Admit_and_Rregister_Patient_Insurance_Setup" name="navigate_to_CMO_Admit_and_Register_Patient_Cash" time="47.247"/>
  <system-out/>
</testsuite> <!-- TestCases.CMO_Admit_and_Rregister_Patient_Insurance_Setup -->
