<?xml version="1.0" encoding="UTF-8"?>
<!-- Generated by org.testng.reporters.JUnitReportReporter -->
<testsuite hostname="DESKTOP-CLKKD43" failures="0" tests="1" name="TestCases.IP_TC_766" time="22.232" errors="0" timestamp="2022-01-20T16:00:41 EET" skipped="0">
  <testcase classname="TestCases.IP_TC_766" name="navigate_to_Initiate_discharge" time="22.232"/>
  <system-out/>
</testsuite> <!-- TestCases.IP_TC_766 -->
