<?xml version="1.0" encoding="UTF-8"?>
<!-- Generated by org.testng.reporters.JUnitReportReporter -->
<testsuite hostname="DESKTOP-CLKKD43" failures="0" tests="1" name="TestCases.IP_TC_591" time="45.595" errors="0" timestamp="2022-01-20T13:30:24 EET" skipped="0">
  <testcase classname="TestCases.IP_TC_591" name="navigate_to_Nurse_Check_Transfer_Patient_Out_UI" time="45.595"/>
  <system-out/>
</testsuite> <!-- TestCases.IP_TC_591 -->
