<?xml version="1.0" encoding="UTF-8"?>
<!-- Generated by org.testng.reporters.JUnitReportReporter -->
<testsuite hostname="DESKTOP-CLKKD43" failures="0" tests="1" name="TestCases.IP_TC_793" time="21.977" errors="0" timestamp="2022-01-20T16:41:23 EET" skipped="0">
  <testcase classname="TestCases.IP_TC_793" name="navigate_to_View_Reports" time="21.977"/>
  <system-out/>
</testsuite> <!-- TestCases.IP_TC_793 -->
