<?xml version="1.0" encoding="UTF-8"?>
<!-- Generated by org.testng.reporters.JUnitReportReporter -->
<testsuite hostname="DESKTOP-CLKKD43" failures="0" tests="1" name="TestCases.IP_TC_696_701" time="33.620" errors="0" timestamp="2022-01-20T14:12:34 EET" skipped="0">
  <testcase classname="TestCases.IP_TC_696_701" name="navigate_to_Nurse_Dispense_Medication" time="33.620"/>
  <system-out/>
</testsuite> <!-- TestCases.IP_TC_696_701 -->
