<?xml version="1.0" encoding="UTF-8"?>
<!-- Generated by org.testng.reporters.JUnitReportReporter -->
<testsuite hostname="DESKTOP-R4CIO73" failures="0" tests="1" name="TestCases.IP_TC_714" time="55.887" errors="0" timestamp="2022-01-18T22:54:06 EET" skipped="0">
  <testcase classname="TestCases.IP_TC_714" name="navigate_to_Submit_Progress_Notes" time="55.887"/>
  <system-out/>
</testsuite> <!-- TestCases.IP_TC_714 -->
