<?xml version="1.0" encoding="UTF-8"?>
<!-- Generated by org.testng.reporters.JUnitReportReporter -->
<testsuite hostname="DESKTOP-CLKKD43" failures="0" tests="1" name="TestCases.IP_TC_796" time="0.425" errors="0" timestamp="2022-01-20T16:45:00 EET" skipped="0">
  <testcase classname="TestCases.IP_TC_796" name="navigate_to_View_Patient_list" time="0.425"/>
  <system-out/>
</testsuite> <!-- TestCases.IP_TC_796 -->
