<?xml version="1.0" encoding="UTF-8"?>
<!-- Generated by org.testng.reporters.JUnitReportReporter -->
<testsuite hostname="DESKTOP-CLKKD43" failures="0" tests="1" name="TestCases.IP_TC_707_IP_TC_742" time="60.596" errors="0" timestamp="2022-01-20T15:39:17 EET" skipped="0">
  <testcase classname="TestCases.IP_TC_707_IP_TC_742" name="navigate_to_login" time="60.596"/>
  <system-out/>
</testsuite> <!-- TestCases.IP_TC_707_IP_TC_742 -->
