<?xml version="1.0" encoding="UTF-8"?>
<!-- Generated by org.testng.reporters.JUnitReportReporter -->
<testsuite hostname="DESKTOP-CLKKD43" failures="0" tests="1" name="TestCases.IP_TC_015_018_020_025_026" time="29.308" errors="0" timestamp="2022-01-20T12:45:20 EET" skipped="0">
  <testcase classname="TestCases.IP_TC_015_018_020_025_026" name="navigate_to_Availability_in_different_Nursing_Units" time="29.308"/>
  <system-out/>
</testsuite> <!-- TestCases.IP_TC_015_018_020_025_026 -->
