<?xml version="1.0" encoding="UTF-8"?>
<!-- Generated by org.testng.reporters.JUnitReportReporter -->
<testsuite hostname="DESKTOP-R4CIO73" failures="0" tests="1" name="TestCases.IP_TC_606" time="24.492" errors="0" timestamp="2022-01-12T14:32:27 EET" skipped="0">
  <testcase classname="TestCases.IP_TC_606" name="navigate_to_Nurse_Check_Block_Bed_with_all_data_required" time="24.492"/>
  <system-out/>
</testsuite> <!-- TestCases.IP_TC_606 -->
