<?xml version="1.0" encoding="UTF-8"?>
<!-- Generated by org.testng.reporters.JUnitReportReporter -->
<testsuite hostname="DESKTOP-CLKKD43" failures="0" tests="1" name="TestCases.IP_TC_664" time="4.881" errors="0" timestamp="2022-01-20T13:53:20 EET" skipped="0">
  <testcase classname="TestCases.IP_TC_664" name="navigate_to_Nurse_Newborn_Registration_for_inpatient_UI" time="4.881"/>
  <system-out/>
</testsuite> <!-- TestCases.IP_TC_664 -->
