<?xml version="1.0" encoding="UTF-8"?>
<!-- Generated by org.testng.reporters.JUnitReportReporter -->
<testsuite hostname="DESKTOP-CLKKD43" failures="0" tests="1" name="TestCases.IP_TC_687" time="57.420" errors="0" timestamp="2022-01-20T14:07:49 EET" skipped="0">
  <testcase classname="TestCases.IP_TC_687" name="navigate_to_Nurse_View_MAR_Chart" time="57.420"/>
  <system-out/>
</testsuite> <!-- TestCases.IP_TC_687 -->
