<?xml version="1.0" encoding="UTF-8"?>
<!-- Generated by org.testng.reporters.JUnitReportReporter -->
<testsuite hostname="DESKTOP-CLKKD43" failures="0" tests="1" name="TestCases.IP_TC_767" time="22.266" errors="0" timestamp="2022-01-20T16:02:03 EET" skipped="0">
  <testcase classname="TestCases.IP_TC_767" name="navigate_to_Cancel_Initiate_discharge" time="22.266"/>
  <system-out/>
</testsuite> <!-- TestCases.IP_TC_767 -->
