<?xml version="1.0" encoding="UTF-8"?>
<!-- Generated by org.testng.reporters.JUnitReportReporter -->
<testsuite hostname="DESKTOP-CLKKD43" failures="0" tests="1" name="TestCases.IP_TC_605" time="37.430" errors="0" timestamp="2022-02-24T14:30:08 EET" skipped="0">
  <testcase classname="TestCases.IP_TC_605" name="navigate_to_Nurse_Check_Block_Bed_UI" time="37.430"/>
  <system-out/>
</testsuite> <!-- TestCases.IP_TC_605 -->
