<?xml version="1.0" encoding="UTF-8"?>
<!-- Generated by org.testng.reporters.JUnitReportReporter -->
<testsuite hostname="DESKTOP-CLKKD43" failures="0" tests="1" name="TestCases.IP_TC_791_792" time="29.269" errors="0" timestamp="2022-01-20T16:40:07 EET" skipped="0">
  <testcase classname="TestCases.IP_TC_791_792" name="navigate_to_view_Clinical_Profile" time="29.269"/>
  <system-out/>
</testsuite> <!-- TestCases.IP_TC_791_792 -->
