<?xml version="1.0" encoding="UTF-8"?>
<!-- Generated by org.testng.reporters.JUnitReportReporter -->
<testsuite hostname="DESKTOP-CLKKD43" failures="0" tests="1" name="TestCases.IP_TC_841" time="65.075" errors="0" timestamp="2022-01-20T16:55:16 EET" skipped="0">
  <testcase classname="TestCases.IP_TC_841" name="navigate_to_Reject_Return_Medication" time="65.075"/>
  <system-out/>
</testsuite> <!-- TestCases.IP_TC_841 -->
