<?xml version="1.0" encoding="UTF-8"?>
<!-- Generated by org.testng.reporters.JUnitReportReporter -->
<testsuite hostname="DESKTOP-CLKKD43" failures="0" tests="1" name="TestCases.IP_TC_886" time="83.527" errors="0" timestamp="2022-01-20T17:25:32 EET" skipped="0">
  <testcase classname="TestCases.IP_TC_886" name="navigate_to_Create_Review_request" time="83.527"/>
  <system-out/>
</testsuite> <!-- TestCases.IP_TC_886 -->
