<?xml version="1.0" encoding="UTF-8"?>
<!-- Generated by org.testng.reporters.JUnitReportReporter -->
<testsuite hostname="DESKTOP-CLKKD43" failures="0" tests="1" name="TestCases.IP_TC_836" time="53.816" errors="0" timestamp="2022-02-07T14:54:48 EET" skipped="0">
  <testcase classname="TestCases.IP_TC_836" name="navigate_to_Stock_Item_Consumption" time="53.816"/>
  <system-out/>
</testsuite> <!-- TestCases.IP_TC_836 -->
