<?xml version="1.0" encoding="UTF-8"?>
<!-- Generated by org.testng.reporters.JUnitReportReporter -->
<testsuite hostname="DESKTOP-CLKKD43" failures="0" tests="1" name="TestCases.IP_TC_621" time="17.664" errors="0" timestamp="2022-01-20T14:54:16 EET" skipped="0">
  <testcase classname="TestCases.IP_TC_621" name="navigate_to_login" time="17.664"/>
  <system-out/>
</testsuite> <!-- TestCases.IP_TC_621 -->
