<?xml version="1.0" encoding="UTF-8"?>
<!-- Generated by org.testng.reporters.JUnitReportReporter -->
<testsuite hostname="DESKTOP-CLKKD43" failures="0" tests="1" name="TestCases.IP_TC_794" time="26.775" errors="0" timestamp="2022-01-20T16:42:38 EET" skipped="0">
  <testcase classname="TestCases.IP_TC_794" name="navigate_to_view_medications" time="26.775"/>
  <system-out/>
</testsuite> <!-- TestCases.IP_TC_794 -->
