<?xml version="1.0" encoding="UTF-8"?>
<!-- Generated by org.testng.reporters.JUnitReportReporter -->
<testsuite hostname="DESKTOP-CLKKD43" failures="0" tests="1" name="TestCases.IP_TC_579" time="16.373" errors="0" timestamp="2022-01-20T13:20:22 EET" skipped="0">
  <testcase classname="TestCases.IP_TC_579" name="navigate_to_Nurse_Search_Intra_Ward_Patient_Transfer_by_Patient_ID" time="16.373"/>
  <system-out/>
</testsuite> <!-- TestCases.IP_TC_579 -->
