<?xml version="1.0" encoding="UTF-8"?>
<!-- Generated by org.testng.reporters.JUnitReportReporter -->
<testsuite hostname="DESKTOP-CLKKD43" failures="0" tests="1" name="TestCases.CMO_Admit_and_Rregister_Patient_Direct_Admission_Setup" time="43.839" errors="0" timestamp="2022-01-20T11:39:20 EET" skipped="0">
  <testcase classname="TestCases.CMO_Admit_and_Rregister_Patient_Direct_Admission_Setup" name="navigate_to_CMO_Admit_and_Register_Patient_Direct_Admission" time="43.839"/>
  <system-out/>
</testsuite> <!-- TestCases.CMO_Admit_and_Rregister_Patient_Direct_Admission_Setup -->
