<?xml version="1.0" encoding="UTF-8"?>
<!-- Generated by org.testng.reporters.JUnitReportReporter -->
<testsuite hostname="DESKTOP-CLKKD43" failures="0" tests="1" name="TestCases.IP_TC_014" time="26.969" errors="0" timestamp="2022-01-20T12:44:10 EET" skipped="0">
  <testcase classname="TestCases.IP_TC_014" name="navigate_to_Availability_in_different_bed_types" time="26.969"/>
  <system-out/>
</testsuite> <!-- TestCases.IP_TC_014 -->
