<?xml version="1.0" encoding="UTF-8"?>
<!-- Generated by org.testng.reporters.JUnitReportReporter -->
<testsuite hostname="DESKTOP-CLKKD43" failures="0" tests="1" name="TestCases.IP_TC_879" time="34.499" errors="0" timestamp="2022-01-20T17:12:33 EET" skipped="0">
  <testcase classname="TestCases.IP_TC_879" name="navigate_to_ACC_Place_Panel_Order" time="34.499"/>
  <system-out/>
</testsuite> <!-- TestCases.IP_TC_879 -->
