<?xml version="1.0" encoding="UTF-8"?>
<!-- Generated by org.testng.reporters.JUnitReportReporter -->
<testsuite hostname="DESKTOP-CLKKD43" failures="0" tests="1" name="TestCases.IP_TC_795" time="26.613" errors="0" timestamp="2022-01-20T16:43:45 EET" skipped="0">
  <testcase classname="TestCases.IP_TC_795" name="navigate_to_View_Visit_Summary" time="26.613"/>
  <system-out/>
</testsuite> <!-- TestCases.IP_TC_795 -->
