<?xml version="1.0" encoding="UTF-8"?>
<!-- Generated by org.testng.reporters.JUnitReportReporter -->
<testsuite hostname="DESKTOP-CLKKD43" failures="0" tests="1" name="TestCases.IP_TC_696_701" time="38.757" errors="0" timestamp="2022-03-27T15:30:47 EET" skipped="0">
  <testcase classname="TestCases.IP_TC_696_701" name="navigate_to_Nurse_Dispense_Medication" time="38.757"/>
  <system-out/>
</testsuite> <!-- TestCases.IP_TC_696_701 -->
