<?xml version="1.0" encoding="UTF-8"?>
<!-- Generated by org.testng.reporters.JUnitReportReporter -->
<testsuite hostname="DESKTOP-CLKKD43" failures="0" tests="1" name="TestCases.IP_TC_838" time="92.006" errors="0" timestamp="2022-03-29T13:47:19 EET" skipped="0">
  <testcase classname="TestCases.IP_TC_838" name="navigate_to_Pharmacist_Issues_Return_Across_Facilities" time="92.006"/>
  <system-out/>
</testsuite> <!-- TestCases.IP_TC_838 -->
