<?xml version="1.0" encoding="UTF-8"?>
<!-- Generated by org.testng.reporters.JUnitReportReporter -->
<testsuite hostname="DESKTOP-CLKKD43" failures="0" tests="1" name="TestCases.IP_TC_013_030_031_036_051" time="31.935" errors="0" timestamp="2022-03-28T10:18:16 EET" skipped="0">
  <testcase classname="TestCases.IP_TC_013_030_031_036_051" name="navigate_to_Availability_in_different_bed_classes" time="31.935"/>
  <system-out/>
</testsuite> <!-- TestCases.IP_TC_013_030_031_036_051 -->
