<?xml version="1.0" encoding="UTF-8"?>
<!-- Generated by org.testng.reporters.JUnitReportReporter -->
<testsuite hostname="DESKTOP-CLKKD43" failures="0" tests="1" name="TestCases.IP_TC_714" time="61.616" errors="0" timestamp="2022-03-28T14:05:31 EET" skipped="0">
  <testcase classname="TestCases.IP_TC_714" name="navigate_to_Prescribe_Medications" time="61.616"/>
  <system-out/>
</testsuite> <!-- TestCases.IP_TC_714 -->
