<?xml version="1.0" encoding="UTF-8"?>
<!-- Generated by org.testng.reporters.JUnitReportReporter -->
<testsuite hostname="DESKTOP-CLKKD43" failures="0" tests="1" name="TestCases.CMO_Admit_and_Rregister_Patient_Direct_Admission_Setup" time="125.223" errors="0" timestamp="2022-03-27T11:53:49 EET" skipped="0">
  <testcase classname="TestCases.CMO_Admit_and_Rregister_Patient_Direct_Admission_Setup" name="navigate_to_CMO_Admit_and_Register_Patient_Direct_Admission" time="125.223"/>
  <system-out/>
</testsuite> <!-- TestCases.CMO_Admit_and_Rregister_Patient_Direct_Admission_Setup -->
