<?xml version="1.0" encoding="UTF-8"?>
<!-- Generated by org.testng.reporters.JUnitReportReporter -->
<testsuite hostname="DESKTOP-CLKKD43" failures="0" tests="1" name="TestCases.IP_TC_635" time="49.614" errors="0" timestamp="2022-03-27T15:19:23 EET" skipped="0">
  <testcase classname="TestCases.IP_TC_635" name="navigate_to_Nurse_Transfer_Bulk_practitioner" time="49.614"/>
  <system-out/>
</testsuite> <!-- TestCases.IP_TC_635 -->
