<?xml version="1.0" encoding="UTF-8"?>
<!-- Generated by org.testng.reporters.JUnitReportReporter -->
<testsuite hostname="DESKTOP-CLKKD43" failures="0" tests="1" name="TestCases.IP_TC_689" time="39.824" errors="0" timestamp="2022-03-27T15:29:00 EET" skipped="0">
  <testcase classname="TestCases.IP_TC_689" name="navigate_to_Nurse_Record_Stock_Consumption" time="39.824"/>
  <system-out/>
</testsuite> <!-- TestCases.IP_TC_689 -->
