<?xml version="1.0" encoding="UTF-8"?>
<!-- Generated by org.testng.reporters.JUnitReportReporter -->
<testsuite hostname="DESKTOP-CLKKD43" failures="0" tests="1" name="TestCases.IP_TC_685" time="55.037" errors="0" timestamp="2022-03-27T15:26:10 EET" skipped="0">
  <testcase classname="TestCases.IP_TC_685" name="navigate_to_Nurse_Record_Administer_Medication" time="55.037"/>
  <system-out/>
</testsuite> <!-- TestCases.IP_TC_685 -->
