<?xml version="1.0" encoding="UTF-8"?>
<!-- Generated by org.testng.reporters.JUnitReportReporter -->
<testsuite hostname="DESKTOP-CLKKD43" failures="0" tests="1" name="TestCases.IP_TC_615" time="41.146" errors="0" timestamp="2022-03-28T12:00:56 EET" skipped="0">
  <testcase classname="TestCases.IP_TC_615" name="navigate_to_Nurse_Check_Unblock_Bed_UI" time="41.146"/>
  <system-out/>
</testsuite> <!-- TestCases.IP_TC_615 -->
