<?xml version="1.0" encoding="UTF-8"?>
<!-- Generated by org.testng.reporters.JUnitReportReporter -->
<testsuite hostname="DESKTOP-CLKKD43" failures="0" tests="1" name="TestCases.IP_TC_605" time="43.233" errors="0" timestamp="2022-03-28T11:58:08 EET" skipped="0">
  <testcase classname="TestCases.IP_TC_605" name="navigate_to_Nurse_Check_Block_Bed_UI" time="43.233"/>
  <system-out/>
</testsuite> <!-- TestCases.IP_TC_605 -->
