<?xml version="1.0" encoding="UTF-8"?>
<!-- Generated by org.testng.reporters.JUnitReportReporter -->
<testsuite hostname="DESKTOP-CLKKD43" failures="0" tests="1" name="TestCases.IP_TC_007" time="4.644" errors="0" timestamp="2022-03-28T10:16:51 EET" skipped="0">
  <testcase classname="TestCases.IP_TC_007" name="CMO_navigate_to_login_EM" time="4.644"/>
  <system-out/>
</testsuite> <!-- TestCases.IP_TC_007 -->
