<?xml version="1.0" encoding="UTF-8"?>
<!-- Generated by org.testng.reporters.JUnitReportReporter -->
<testsuite hostname="DESKTOP-CLKKD43" failures="0" tests="1" name="TestCases.IP_TC_687" time="39.287" errors="0" timestamp="2022-03-27T15:27:30 EET" skipped="0">
  <testcase classname="TestCases.IP_TC_687" name="navigate_to_Nurse_View_MAR_Chart" time="39.287"/>
  <system-out/>
</testsuite> <!-- TestCases.IP_TC_687 -->
