<?xml version="1.0" encoding="UTF-8"?>
<!-- Generated by org.testng.reporters.JUnitReportReporter -->
<testsuite hostname="DESKTOP-CLKKD43" failures="0" tests="1" name="TestCases.IP_TC_700" time="7.773" errors="0" timestamp="2022-03-27T15:31:19 EET" skipped="0">
  <testcase classname="TestCases.IP_TC_700" name="navigate_to_Nurse_Check_Dispense_Medication_UI" time="7.773"/>
  <system-out/>
</testsuite> <!-- TestCases.IP_TC_700 -->
